[debug] [2023-04-18T07:58:35.956Z] ----------------------------------------------------------------------
[debug] [2023-04-18T07:58:35.960Z] Command:       C:\Program Files\nodejs\node.exe C:\Users\Artius\AppData\Roaming\npm\node_modules\firebase-tools\lib\bin\firebase.js init
[debug] [2023-04-18T07:58:35.962Z] CLI Version:   11.25.1
[debug] [2023-04-18T07:58:35.962Z] Platform:      win32
[debug] [2023-04-18T07:58:35.962Z] Node Version:  v17.6.0
[debug] [2023-04-18T07:58:35.964Z] Time:          Tue Apr 18 2023 10:58:35 GMT+0300 (Eastern European Summer Time)
[debug] [2023-04-18T07:58:35.965Z] ----------------------------------------------------------------------
[debug] 
[debug] [2023-04-18T07:58:35.983Z] > command requires scopes: ["email","openid","https://www.googleapis.com/auth/cloudplatformprojects.readonly","https://www.googleapis.com/auth/firebase","https://www.googleapis.com/auth/cloud-platform"]
[debug] [2023-04-18T07:58:35.984Z] > authorizing via signed-in user (jobapplication948@gmail.com)
[info] 
     ######## #### ########  ######## ########     ###     ######  ########
     ##        ##  ##     ## ##       ##     ##  ##   ##  ##       ##
     ######    ##  ########  ######   ########  #########  ######  ######
     ##        ##  ##    ##  ##       ##     ## ##     ##       ## ##
     ##       #### ##     ## ######## ########  ##     ##  ######  ########

You're about to initialize a Firebase project in this directory:

  C:\Users\Artius\Documents\GitHub\Astra-Admin

[info] 
=== Project Setup
[info] 
[info] First, let's associate this project directory with a Firebase project.
[info] You can create multiple project aliases by running firebase use --add, 
[info] but for now we'll just set up a default project.
[info] 
[debug] [2023-04-18T07:59:32.463Z] >>> [apiv2][query] GET https://firebase.googleapis.com/v1beta1/projects pageSize=100
[debug] [2023-04-18T07:59:33.293Z] <<< [apiv2][status] GET https://firebase.googleapis.com/v1beta1/projects 200
[debug] [2023-04-18T07:59:33.293Z] <<< [apiv2][body] GET https://firebase.googleapis.com/v1beta1/projects [omitted]
